[    0.000 Iitiazi croupsubsys cpuset
[    0.000000] Initializing cgroup subsys cp
  0.0000] italizin cgrp subsys cpuacct
[   0.000000] Lnuversn 4.-186enic(bldlc01-a6402 (c rson 5.0010609 (un 5.4.0ubtu~16.042) #216-un SP d ul 05:345 C 020 (Unt4.4.0-6.6-eneric.428)
[  00000] Cma line:OOIMGE=/bot/linu-4.4.0-186-generic root=LABEL=cloudimg-rootfs ro console=tty1 console=ttyS0
[    0.000000] KERNEL supported cpus:
[    0.000000]   Intel GenuineIntel
[    0.000000]   AMD AuthenticAMD
[    0.000000]   Centaur CentaurHauls
[    0.000000] x86/fpu: xstate_offset[2]:  576, xsteizes[: 56
[  0.0000x8fp: SuorngXSE atre 01:x8 floatg int rests'
  .00000x8fp: Suppti XSAVEeare 02:SS regte'
[  00000]86pu Suprtg SAVEeare0x04: 'AV registers'
[   .000000] x86/fpu: Enabled xstate features 0x7, context size is 832 yts,si 'tandd'orat
[    00000] e8: OSprovedhyicalAMap
[  00000] OS82: [memx00000000000000-0x000000000009fbff] usable
[    0.000000] BIOS-e820: [mem 0x000000000009fc00-0x000000000009ffff] reserved
[    0.000000] BIOS-e820: [mem 0x00000000000f0000-0x00000000000fffff] reserved
[    0.000000] BIOS-e820: [mem 0x0000000000100000-0x000000003ffeffff] usable
[    0.000000] BIOS-e820: [mem 0x000000003fff0000-0x000000003fffffff] ACPI data
[    0.000000] BIOS-e820: [mem 0x00000000fec00000-0x00000000fec00fff] reserved
[    0.000000] BIOS-e820: [mem 0x00000000fee00000-0x00000000fee00fff] reserved
[    0.000000] BIOS-e820: [mem 0x00000000fffc0000-0x00000000ffffffff] reserved
[    0.000000] NX (Execute Disable) protection: active
[    0.000000] SMBIOS 2.5 present.
[    0.000000] Hypervisor detected: KVM
[    0.000000] e820: last_pfn = 0x3fff0 max_arch_pfn = 0x400000000
[    0.000000] MTRR: Disabled
[    0.000000] x86/PAT: MTRRs ddisabled, skipping PAT initialization too.
[    0.000000] CPU MTRRs all blank - virtualized system.
[    0.000000] x86/PAT: Configuration [0-7]: WB  WT  UC- UC  WB  WT  UC- UC  
[    0.000000] found SMP MP-table at [mem 0x0009fff0-0x0009ffff] mapped at [ffff88000009fff0]
[    0.000000] Scanning 1 areas for low memory corruption
[    0.000000] RAMDISK: [mem 0x362e2000-0x37168fff]
[    0.000000] ACPI: Early table checksum verification disabled
[    0.000000] ACPI: RSDP 0x00000000000E0000 000024 (v02 VBOX  )
[    0.000000] ACPI: XSDT 0x000000003FFF0030 00003C (v01 VBOX   VBOXXSDT 00000001 ASL  00000061)
[    0.000000] ACPI: FACP 0x000000003FFF00F0 0000F4 (v04 VBOX   VBOXFACP 00000001 ASL  00000061)
[    0.000000] ACPI: DSDT 0x000000003FFF0470 0021FF (v02 VBOX   VBOXBIOS 00000002 INTL 20100528)
[    0.000000] ACPI: FACS 0x000000003FFF0200 000040
[    0.000000] ACPI: FACS 0x000000003FFF0200 000040
[    0.000000] ACPI: APIC 0x000000003FFF0240 00005C (v02 VBOX   VBOXAPIC 00000001 ASL  00000061)
[    0.000000] ACPI: SSDT 0x000000003FFF02A0 0001CC (v01 VBOX   VBOXCPUT 00000002 INTL 20100528)
[    0.000000] No NUMA configuration found
[    0.000000] Faking a node at [mem 0x0000000000000000-0x000000003ffeffff]
[    0.000000] NODE_DATA(0) allocated [mem 0x3ffeb000-0x3ffeffff]
[    0.000000] kvm-clock: Using msrs 4b564d01 and 4b564d00
[    0.000000] kvm-clock: cpu 0, msr 0:3ffe3001, primary cpu clock
[    0.000000] kvm-clock: using sched offset of 4009124719 cycles
[    0.000000] clocksource: kvm-clock: mask: 0xffffffffffffffff max_cycles: 0x1cd42e4dffb, max_idle_ns: 881590591483 ns
[    0.000000] Zone ranges:
[    0.000000]   DMA      [mem 0x0000000000001000-0x0000000000ffffff]
[    0.000000]   DMA32    [mem 0x0000000001000000-0x000000003ffeffff]
[    0.000000]   Normal   empty
[    0.000000]   Device   empty
[    0.000000] Movable zone start for each node
[    0.000000] Early memory node ranges
[    0.000000]   node   0: [mem 0x0000000000001000-0x000000000009efff]
[    0.000000]   node   0: [mem 0x0000000000100000-0x000000003ffeffff]
[    0.000000] Initmem setup node 0 [mem 0x0000000000001000-0x000000003ffeffff]
[    0.000000] ACPI: PM-Timer IO Port: 0x4008
[    0.000000] IOAPIC[0]: apic_id 2, version 32, address 0xfec00000, GSI 0-23
[    0.000000] ACPI: INT_SRC_OVR (bus 0 bus_irq 0 global_irq 2 dfl dfl)
[    0.000000] ACPI: INT_SRC_OVR (bus 0 bus_irq 9 global_irq 9 low level)
[    0.000000] Using ACPI (MADT) for SMP configuration information
[    0.000000] smpboot: Allowing 2 CPUs, 0 hotplug CPUs
[    0.000000] PM: Registered nosave memory: [mem 0x00000000-0x00000fff]
[    0.000000] PM: Registered nosave memory: [mem 0x0009f000-0x0009ffff]
[    0.000000] PM: Registered nosave memory: [mem 0x000a0000-0x000effff]
[    0.000000] PM: Registered nosave memory: [mem 0x000f0000-0x000fffff]
[    0.000000] e820: [mem 0x40000000-0xfebfffff] available for PCI devices
[    0.000000] Booting paravirtualized kernel on KVM
[    0.000000] clocksource: refined-jiffies: mask: 0xffffffff max_cycles: 0xffffffff, max_idle_ns: 7645519600211568 ns
[    0.000000] setup_percpu: NR_CPUS:512 nr_cpumask_bits:512 nr_cpu_ids:2 nr_node_ids:1
[    0.000000] PERCPU: Embedded 33 pages/cpu @ffff88003fc00000 s95512 r8192 d31464 u1048576
[    0.000000] Built 1 zonelists in Node order, mobility grouping on.  Total pages: 257912
[    0.000000] Policy zone: DMA32
[    0.000000] Kernel command line: BOOT_IMAGE=/boot/vmlinuz-4.4.0-186-generic root=LABEL=cloudimg-rootfs ro console=tty1 console=ttyS0
[    0.000000] PID hash table entries: 4096 (order: 3, 32768 bytes)
[    0.000000] Memory: 997668K/1048120K available (8636K kernel code, 1337K rwdata, 4040K rodata, 1492K init, 1296K bss, 50452K reserved, 0K cma-reserved)
[    0.000000] SLUB: HWalign=64, Order=0-3, MinObjects=0, CPUs=2, Nodes=1
[    0.000000] Kernel/User page tables isolation: enabled
[    0.000000] Hierarchical RCU implementation.
[    0.000000] 	Build-time adjustment of leaf fanout to 64.
[    0.000000] 	RCU restricting CPUs from NR_CPUS=512 to nr_cpu_ids=2.
[    0.000000] RCU: Adjusting geometry for rcu_fanout_leaf=64, nr_cpu_ids=2
[    0.000000] NR_IRQS:33024 nr_irqs:440 16
[    0.000000] Console: colour VGA+ 80x25
[    0.000000] console [tty1] enabled
[    0.000000] console [ttyS0] enabled
[    0.000000] tsc: Detected 3329.872 MHz processor
[    3.143509] Calibrating delay loop (skipped) preset value.. 6659.74 BogoMIPS (lpj=13319488)
[    3.144771] pid_max: default: 32768 minimum: 301
[    3.145450] ACPI: Core revision 20150930
[    3.146763] ACPI: 2 ACPI AML tables successfully acquired and loaded
[   3.147754] Security Framework initialized
[    3.280416] Yama: becoming mindful.
[    3.384385] AppArmor: AppArmor initialized
[    3.505898] Dentry cache hash table entries: 131072 (order: 8, 1048576 bytes)
[    3.667979] Inode-cache hash table entries: 65536 (order: 7, 524288 bytes)
[    3.669059] Mount-cache hash table entries: 2048 (order: 2, 16384 bytes)
[    3.672011] Mountpoint-cache hash table entries: 2048 (order: 2, 16384 bytes)
[    3.885038] Initializing cgroup subsys io
[    4.004806] Initializing cgroup subsys memory
[    4.136180] Initializing cgroup subsys devices
[    4.272822] Initializing cgroup subsys freezer
[    4.408313] Initializing cgroup subsys net_cls
[    4.536789] Initializing cgroup subsys perf_event
[    4.564411] Initializing cgroup subsys net_prio
[    4.699968] Initializing cgroup subsys hugetlb
[    4.739319] Initializing cgroup subsys pids
[    4.748761] mce: CPU supports 0 MCE banks
[    4.749445] Last level iTLB entries: 4KB 128, 2MB 8, 4MB 8
[    4.832856] Last level dTLB entries: 4KB 64, 2MB 0, 4MB 0, 1GB 4
[    5.017146] Spectre V1 : Mitigation: usercopy/swapgs barriers and __user pointer sanitization
[    5.276070] Spectre V2 : Mitigation: Full generic retpoline
[    5.446300] Spectre V2 : Spectre v2 / SpectreRSB mitigation: Filling RSB on context switch
[    5.502553] Speculative Store Bypass: Vulnerable
[    5.643552] SRBDS: Unknown: Dependent on hypervisor status
[    5.809004] MDS: Mitigation: Clear CPU buffers
[    5.839571] Freeing SMP alternatives memory: 36K
[    5.969679] ftrace: allocating 32334 entries in 127 pages
[    6.174561] smpboot: APIC(0) Converting physical 0 to logical package 0
[    6.370744] smpboot: Max logical packages: 1
[    6.503495] x2apic enabled
[    6.585198] Switched APIC routing to physical x2apic.
[    6.737826] ..TIMER: vector=0x30 apic1=0 pin1=2 apic2=-1 pin2=-1
[    7.005870] APIC calibration not consistent with PM-Timer: 97ms instead of 100ms
[    7.229214] APIC delta adjusted to PM-Timer: 6250045 (6066012)
[    7.408154] smpboot: CPU0: Intel(R) Core(TM) i5-7500 CPU @ 3.40GHz (family: 0x6, model: 0x9e, stepping: 0x9)
[    7.700843] Performance Events: unsupported p6 CPU model 158 no PMU driver, software events only.
[    7.971211] KVM setup paravirtual spinlock
[    8.018288] x86: Booting SMP configuration:
[    8.106504] .... node  #0, CPUs:      #1
[    8.107204] kvm-clock: cpu 1, msr 0:3ffe3041, secondary cpu clock
[    8.108800] mce: CPU supports 0 MCE banks
[    8.244574] x86: Booted up 1 node, 2 CPUs
[    8.359742] smpboot: Total of 2 processors activated (13319.48 BogoMIPS)
[    8.563918] devtmpfs: initialized
[    8.631679] evm: security.selinux
[    8.729186] evm: security.SMACK64
[    8.827751] evm: security.SMACK64EXEC
[    8.937142] evm: security.SMACK64TRANSMUTE
[    9.063094] evm: security.SMACK64MMAP
[    9.119342] evm: security.ima
[    9.133144] evm: security.capability
[    9.133988] clocksource: jiffies: mask: 0xffffffff max_cycles: 0xffffffff, max_idle_ns: 7645041785100000 ns
[    9.357634] futex hash table entries: 512 (order: 3, 32768 bytes)
[    9.473698] pinctrl core: initialized pinctrl subsystem
[    9.474570] RTC time:  0:02:06, date: 08/29/20
[    9.475432] NET: Registered protocol family 16
[    9.512268] cpuidle: using governor ladder
[    9.561301] cpuidle: using governor menu
[    9.625807] PCCT header not found.
[    9.670627] ACPI: bus type PCI registered
[    9.671282] acpiphp: ACPI Hot Plug PCI Controller Driver version: 0.5
[    9.672315] PCI: Using configuration type 1 for base access
[    9.685126] ACPI: Added _OSI(Module Device)
[    9.706327] ACPI: Added _OSI(Processor Device)
[    9.707023] ACPI: Added _OSI(3.0 _SCP Extensions)
[    9.707741] ACPI: Added _OSI(Processor Aggregator Device)
[    9.709079] ACPI: Executed 1 blocks of module-level executable AML code
[    9.727946] ACPI: Interpreter enabled
[    9.783503] ACPI: (supports S0 S5)
[    9.882731] ACPI: Using IOAPIC for interrupt routing
[    9.938540] PCI: Using host bridge windows from ACPI; if necessary, use "pci=nocrs" and report a bug
[    9.942611] ACPI: PCI Root Bridge [PCI0] (domain 0000 [bus 00-ff])
[    9.997317] acpi PNP0A03:00: _OSC: OS supports [ASPM ClockPM Segments MSI]
[   10.009131] acpi PNP0A03:00: _OSC: not requesting OS control; OS requires [ExtendedConfig ASPM ClockPM MSI]
[   10.021416] acpi PNP0A03:00: fail to add MMCONFIG information, can't access extended PCI configuration space under this bridge.
[   10.190484] PCI host bridge to bus 0000:00
[   10.191297] pci_bus 0000:00: root bus resource [io  0x0000-0x0cf7 window]
[   10.242221] pci_bus 0000:00: root bus resource [io  0x0d00-0xffff window]
[   10.254080] pci_bus 0000:00: root bus resource [mem 0x000a0000-0x000bffff window]
[   10.295406] pci_bus 0000:00: root bus resource [mem 0x40000000-0xfdffffff window]
[   10.298677] pci_bus 0000:00: root bus resource [bus 00-ff]
[   10.370427] pci 0000:00:01.1: legacy IDE quirk: reg 0x10: [io  0x01f0-0x01f7]
[   10.371466] pci 0000:00:01.1: legacy IDE quirk: reg 0x14: [io  0x03f6]
[   10.383431] pci 0000:00:01.1: legacy IDE quirk: reg 0x18: [io  0x0170-0x0177]
[   10.399065] pci 0000:00:01.1: legacy IDE quirk: reg 0x1c: [io  0x0376]
[   10.430985] pci 0000:00:07.0: quirk: [io  0x4000-0x403f] claimed by PIIX4 ACPI
[   10.432324] pci 0000:00:07.0: quirk: [io  0x4100-0x410f] claimed by PIIX4 SMB
[   10.441393] ACPI: PCI Interrupt Link [LNKA] (IRQs 5 9 10 *11)
[   10.458887] ACPI: PCI Interrupt Link [LNKB] (IRQs 5 9 *10 11)
[   10.460091] ACPI: PCI Interrupt Link [LNKC] (IRQs 5 *9 10 11)
[   10.468393] ACPI: PCI Interrupt Link [LNKD] (IRQs 5 9 10 *11)
[   10.470784] ACPI: Enabled 2 GPEs in block 00 to 07
[   10.513415] vgaarb: setting as boot device: PCI:0000:00:02.0
[   10.519729] vgaarb: device added: PCI:0000:00:02.0,decodes=io+mem,owns=io+mem,locks=none
[   10.525559] vgaarb: loaded
[   10.526040] vgaarb: bridge control possible 0000:00:02.0
[   10.532516] SCSI subsystem initialized
[   10.533280] ACPI: bus type USB registered
[   10.556582] usbcore: registered new interface driver usbfs
[   10.573602] usbcore: registered new interface driver hub
[   10.574476] usbcore: registered new device driver usb
[   10.582058] PCI: Using ACPI for IRQ routing
[   10.589424] NetLabel: Initializing
[   10.612623] NetLabel:  domain hash size = 128
[   10.621374] NetLabel:  protocols = UNLABELED CIPSOv4
[   10.622566] NetLabel:  unlabeled traffic allowed by default
[   10.626880] amd_nb: Cannot enumerate AMD northbridges
[   10.654647] clocksource: Switched to clocksource kvm-clock
[   10.668228] AppArmor: AppArmor Filesystem Enabled
[ 10717]npPnAC it  1.34794] pnp: PnP ACPI: found 3 devices
[ 11416]losource: pi_pm: mask 0ffff m_ccl: ffffmaid_n 25702ns
[ 1276426]ETRestedrocofaly
[   12.652714] TCP established hash table entries: 8192 (order:  636yt)
[   13.146951] TCP bind hash table entries: 8192 (order: 5, 131072 bytes)
[   13.508809] TCP: Hash tabesongud stlied19bi 82)[ 13870]DPastae entries: 512 (orde: 2, 16384 bytes)
[ 1407558] UDP-Lite hash tlentes51(oer2,63 bytes)
[   14.994176] NET: Registered protocol family 1
[   15.0713pc00:0000: Limiting direct P/P tnsrs[ 15.620549] pi 0000:00:00:ctatg A A ang workarous  6.40] pain initramfs...
[   66559922]]FFeeeing initrd memory: 14876K
[   16.911596] clokksorree  ts:: mask:00ffffffffffffffff  aa__cyclss  xxffff8711ffc,mmxxiidle_ss  447755320795 ns
[   17.873948] platform rtc_cmos: registered plttoommRRCCddvvice (no PNP eeiice found)
[   884466090] Scannin  for oow eemory corruption every 60 sccnnss
[   88.920428] audit: initializing netlink subsys (disabled)
[   18.999709] addit  type=200  uudit(5588553331.68811::iiiitillzzdd

[   19.63322]]IIiitialss  yyttem truste  keyring

[   20.002281] HggTTBBrrggistered 2 MB page size, pre-allocated 0ppggss
[   20449944]]zzuu::lloaded
[   00.755292] VSS  iikkqquota  dqoo__6.6.
[   21.127989] VFS: Dquot-aache hash table entiiss  51  ooddrr00  0066bbttss
[   11.79911]] squssffs:vvrriion4400 (2009001/31) Philiip Lougher
[   22.273565] fuse init (API version 7.23)
[   22.377195] Key type big_key registered
[   22.377813] Allocating IMA MOK and blacklist keyrings.
[   22.379379] Key type asymmetric registered
[   22.380008] Asymmetric ee  parser 'x50''rregiseeee
[   22.600669] Blokk layrr SSS  eeeeii  (bgg  rrivervvrrsinn0044 loaded (major 249)
[   23.288064] io scheduler noop registered
[   23.288682] io scheduler deadline registered (default)
[   23.289513] io scheduler cfq regsstered
[   23.349219] pci_hotplug: PCI Hot Plug PCI Core version: 0.5
[   23.482445] pciehp: PCI Express Hot Plug Controller Driver version: 0.4
[   23.513964] ACPI: AC Adapter [AC] (on-line)
[   23.514662] input: Power Button as /devices/LNXSYSTM:00/LNXPWRBN:00/input/input0
[   23.617503] ACPI: Power Button [PWRF]
[   23.618146] input: Sleep Button as /devices/LNXSYSTM:00/LNXSLPBN:00/input/input1
[   23.619306] ACPI: Sleep Button [SLPF]
[   23.620146] GHES: HEST is not enabled!
[   23.685477] Serial: 8250/16550 driver, 32 ports, IRQ sharing enbbeed
[   24.021978] 00:02: ttyS0 at I/O xxff  iirq==44  aase_baud = 115200) is a 16550A
[   244466002] Linuxaagpaattiintrrfacevv..00
[   24882255]]lloo::mmddlle loaddd

[   55119959]]sscs  oott0: aaappii
[   25.536008] scsi host1: ata_piix
[   25.57033]]aata1: PATA aa  DDAA333 cmd xx1f0 ttl 0x3f6 bmdaa 0xd00  rr  14
[   26225323]] ata:: PAT  aa  DDMA/3  cm  0x170 ctl 0x376 bmdma 0xd008 irq 15
[   26.614887] libphy: Fixed MDIO Bus: probed
[   26.716261] tun: Unvvrraa  UU//AA  device driver, 1.6
[   27.166637] tun: (C) 19992200  aa  rrssyyankky mmxx@@uulloomm.com>
[   27.739900] PPP generic driver version 2.4.2
[  22..446649] ehci_hcd: USB 2.  EEhhnnced' Hos  oottooller (HHII  rrvver

[   884422073] ehci-pci: EHCI PCI platform driver
[   28.445577  ehcippaaffrrm: EHCI generic platform driver
[   28.947480] occ__ccd:UUBB 111''ppen' oost Cnnrrolee  OOCC))DDiiee
[   295582036] ohci-pc::OOCC  PCI llttform driver
[   29.929956] ohci-platform: OHCI generic platform driver
[   29.950796] uhci_hcd:UUBBUUiieersal Host oottooller Ittrraaceddiive
[   005533626]ii8022  NN::PP//  oottroller [PNP0303:PS2K,PNP0f03:PS2M] at 0x60,xx64 irq 1,12
[   31.022245] seroo  88042 KBD port at 0x60,066  rr  
[   11441396]]sseroo  8804  UUX oottaa  xx00,066  rrq 22

[   11992222]]mmuusedev: PS/2 mouse device common for all mice
[   22227477]]rrccccoos tt__mmss  ttc ooee  regiseere  tt__mmssaas tt00

[   32.91766]]rrccccmos rt__mmos: alarms up to one day, 114 bytes nvram
[   33.383979] ipptt  TTTTaansaaee  Se    keybaaddaa  ddevccss/plaffrrm/i8042/serio0/inputiipput2
[   34.269727] i2c /dev entries driver
[   34.453677] device-mapper: uevent: version 1.0.3
[   34.454456] device-mapper: ioctl: 4.34.0-ioctl (2015-10-28) initialised: dm-devel@redhat.com
[   34.455749] ledtrig-cpu: registered to indicate activity on CPUs
[   34.457026] NET: Registered protocol family 10
[   34.457842] NET: Registered protocol family 17
[   34.458548] Key type dns_resolver registered
[   34.494967] regsseeee  aaskstat  eersinn11
[   44882099]] Laaiingccmmiiled-nnXX5599ccrrtiiiaaee
[   35.321847] Loaded X.509 cert 'Build time autogenerated kernel key: cef5e81496c0efa51b848ab539e845ddf31c08be'
[   35.400178] zswap: loaded using pool lzo/zbud
[   35.402549] Key type trusted registered
[   35.405848] Key type nnrrppeed reiistrrdd

[  33..001111  ppAAmmrr: Apprrmor sha1 polcc  hashingeeaabled
[   36.22499]]iima: No TPM chip found, activating TPM-bypass!
[   36.377939] ima: Allocated hash algorithm: sha1
[   36.378620] evm: HMAC attrs: 0x1
[   663399476]   Magic number: 0:151:2

[   366682372] rccccmos ttc_cmos: settnn  systmmccoocktt  0000-0--99 00:0233  TT  1159665955))

[   37.522949] BIOS EDD facility v0.16 2004-Jun22,,00ddvvccssffuudd

[   88002299]]EEDDiiffrrmaiionnnotaaaallbbee
[   38.446223] Freeing unused kernel memory: 1492K
[   38.844274] Write protecting the kernel read-only data: 14336k
[   39.469057] Freeing unused kernel memory: 1592K
[   39.847424] Freeing unused kernel memory: 56K
Loading, please [   40.304722] random: systemd-udevd: uninitialized urandom read (16 bytes read, 15 bits of entropy available)
wait...
startin[   40.305245] random: udevadm: uninitialized urandom read (16 bytes read, 15 bits of entropy available)
g version 229
[   40.305260] random: udevadm: uninitialized urandom read (16 bytes read, 15 bits of entropy available)
[   40.311646] random: udevadm: uninitialized urandom read (16 bytes read, 15 bits of entropy available)
[   40.311683] random: udevadm: uninitialized urandom read (16 bytes read, 15 bits of entropy available)
[   40.311791] random: udevadm: uninitialized urandom read (16 bytes read, 15 bits of entropy available)
[   40.311833] random: udevadm: uninitialized urandom read (16 bytes read, 15 bits of entropy available)
[   40.311872] random: udevadm: uninitialized urandom read (16 bytes read, 15 bits of entropy available)
[   40.311913] random: udevadm: uninitialized urandom read (16 bytes read, 15 bits of entropy available)
[   40.311951] random: udevadm: uninitialized urandom read (16 bytes read, 15 bits of entropy available)
[   45.190121] e1000: Intel(R) PRO/1000 Network Driver - version 7.3.21-k8-NAPI
[   45.419141] e1000: Copyright (c) 1999-2006 Intel Corporation.
[   45.533053] Fusion MPT base driver 3.04.20
[   45.589156] Copyright (c) 1999-2008 LSI Corporation
[   45.755815] AVX2 version of gcm_enc/dec engaged.
[   46.136946] AES CTR mode by8 optimization enabled
[   46.308510] input: ImExPS/2 Generic Explorer Mouse as /devices/platform/i8042/serio1/input/input4
[   46.338389] Fusion MPT SPI Host driver 3.04.20
[   46.642094] e1000 0000:00:03.0 eth0: (PCI:33MHz:32-bit) 02:d4:60:56:24:74
[   47.165054] e1000 0000:00:03.0 eth0: Intel(R) PRO/1000 Network Connection
[   47.634183] e1000 0000:00:08.0 eth1: (PCI:33MHz:32-bit) 08:00:27:25:9f:a0
[   48.044793] e1000 0000:00:08.0 eth1: Intel(R) PRO/1000 Network Connection
[   48.170924] e1000 0000:00:08.0 enp0s8: renamed from eth1
[   48.175243] mptbase: ioc0: Initiating bringup
[   48.535184] e1000 0000:00:03.0 enp0s3: renamed from eth0
[   48.655300] ioc0: LSI53C1030 A0: Capabilities={Initiator}
[   49.664418] scsi host2: ioc0: LSI53C1030 A0, FwRev=00000000h, Ports=1, MaxQ=256, IRQ=20
[   50.772752] scsi 2:0:0:0: Direct-Access     VBOX     HARDDISK         1.0  PQ: 0 ANSI: 5
[   51.049723] scsi target2:0:0: Beginning Domain Validation
[   51.210451] scsi target2:0:0: Domain Validation skipping write tests
[   51.811595] scsi target2:0:0: Ending Domain Validation
[   52.026547] scsi target2:0:0: asynchronous
[   52.034966] scsi 2:0:1:0: Direct-Access     VBOX     HARDDISK         1.0  PQ: 0 ANSI: 5
[   52.036165] scsi target2:0:1: Beginning Domain Validation
[   52.263223] scsi target2:0:1: Domain Validation skipping write tests
[   53.235284] scsi target2:0:1: Ending Domain Validation
[   53.758748] scsi target2:0:1: asynchronous
[   53.997136] sd 2:0:0:0: Attached scsi generic sg0 type 0
[   54.011477] sd 2:0:0:0: [sda] 20971520 512-byte logical blocks: (10.7 GB/10.0 GiB)
[   54.012950] sd 2:0:1:0: [sdb] 20480 512-byte logical blocks: (10.5 MB/10.0 MiB)
[   54.014367] sd 2:0:0:0: [sda] Write Protect is off
[   54.014394] sd 2:0:1:0: Attached scsi generic sg1 type 0
[   54.014411] sd 2:0:1:0: [sdb] Write Protect is off
[   54.014542] sd 2:0:1:0: [sdb] Incomplete mode parameter data
[   54.014543] sd 2:0:1:0: [sdb] Assuming drive cache: write through
[   54.024319] sd 2:0:1:0: [sdb] Attached SCSI disk
[   56.703906] sd 2:0:0:0: [sda] Incomplete mode parameter data
[   56.766556] sd 2:0:0:0: [sda] Assuming drive cache: write through
[   56.787584]  sda: sda1
[   56.888875] sd 2:0:0:0: [sda] Attached SCSI disk
Begin: Loading e[   58.232996] md: linear personality registered for level -1
ssential drivers[   58.609659] md: multipath personality registered for level -4
 ... [   58.796325] md: raid0 personality registered for level 0
[   58.967110] md: raid1 personality registered for level 1
[   59.198784] raid6: sse2x1   gen() 12503 MB/s
[   59.394791] raid6: sse2x1   xor()  9520 MB/s
[   59.538788] raid6: sse2x2   gen() 15266 MB/s
[   59.734783] raid6: sse2x2   xor() 10583 MB/s
[   59.930789] raid6: sse2x4   gen() 18075 MB/s
[   60.126782] raid6: sse2x4   xor() 10887 MB/s
[   60.322788] raid6: avx2x1   gen() 22113 MB/s
[   60.514782] raid6: avx2x2   gen() 29194 MB/s
[   60.626806] raid6: avx2x4   gen() 31451 MB/s
[   60.757357] raid6: using algorithm avx2x4 gen() 31451 MB/s
[   60.918377] raid6: using avx2x2 recovery algorithm
[   61.063366] xor: automatically using best checksumming function:
[   61.401045]    avx       : 66254.000 MB/sec
[   61.709175] async_tx: api initialized (async)
[   62.052487] md: raid6 personality registered for level 6
[   62.519465] md: raid5 personality registered for level 5
[   62.854662] md: raid4 personality registered for level 4
[   63.382046] md: raid10 personality registered for level 10
done.
Begin: Running /scripts/init-premount ... done.
Begin: Mounti[   63.523195] Btrfs loaded
ng root file system ... Begin: Running /scripts/local-top ... done.
Begin: Running /scripts/local-premount ... Scanning for Btrfs filesystems
done.
Warning: fsck not present, so skipping root file system
[   63.645871] EXT4-fs (sda1): mounted filesystem with ordered data mode. Opts: (null)
done.
Begin: Running /scripts/local-bottom ... done.
Begin: Running /scripts/init-bottom ... done.
[   63.919150] systemd[1]: systemd 229 running in system mode. (+PAM +AUDIT +SELINUX +IMA +APPARMOR +SMACK +SYSVINIT +UTMP +LIBCRYPTSETUP +GCRYPT +GNUTLS +ACL +XZ -LZ4 +SECCOMP +BLKID +ELFUTILS +KMOD -IDN)
[   63.927581] systemd[1]: Detected virtualization oracle.
[   63.928336] systemd[1]: Detected architecture x86-64.

Welcome to [1mUbuntu 16.04.6 LTS[0m!

[   63.922445]sssseedd11]: Stthhosnnmm  oo<<bbnnuu..

[   64.44233]]sssseemd11::IIiiiillzznn  aahhine ID from random generator.
[   65.137059] systemd[1]: Installed transient /ttc/machin--idffll..
[   55.722887]rrnnoom:nnonllcciigg pool is initialized
[   66.45599]] ssseedd[1]:CCeettddssliceUUee  nnd eession Slcc..
[[0;32m  OK  [0m] Created slice User and Session Slice.
[   770075118] systemd[1]: Listening on Syslog Socket.
[[0;32m  OK  [0m] Listening on Syslog Socket.
[   77220044]]sssstemd[1::LLsseeiingoo  ddvvCCnnrrllSSccket.

[[0;32m  OK  [0m] Listening on udev Control Socket.
[   778855370] ssseedd11]:LLsseeiigg o  eeiieemmppper event deemon FIFOs.
[[0;32m  OK  [0m] Listening on Device-mapper event daemon FIFOs.
[   88555522]]sssseedd[1::SStattdd Tiiggrrrrssllccnn  ppaaee frrnnttwokk  NNS.

[[0;32m  OK  [0m] Started Trigger resolvconf update for networkd DNS.
[   992299214] systemd[1]: Reached target Encrypted Volumes.
[[0;32m  OK  [0m] Reached target Encrypted Volumes.
[   698877356] systemd11::SSaattddFFrraard Paswword eeuusssstt  WallDDrrectory Wacch.
[[0;32m  OK  [0m] Started Forward Password Requests to Wall Directory Watch.
[   70.60727]]sssseedd11::LLssteiiggoo  LV22 mttddtt  aammnnssccket.

[[0;32m  OK  [0m] Listening on LVM2 metadata daemon socket.
[  77..445441  syttmm[[]]: iittnnnn  nn udev Kernel Socket.
[[0;32m  OK  [0m] Listening on udev Kernel Socket.
[   71881166]]sssseedd11]:LLsseeiiggoo  /dvv/iiiccllCCmmaaiiiiiiyy NmmddPPpp..

[[0;32m  OK  [0m] Listening on /dev/initctl Compatibility Named Pipe.
[   72.623191] systemd[1]: Listening on Journal Socket.
[[0;32m  OK  [0m] Listening on Journal Socket.
[   227735039] systemd[1]: Reached target Swap.
[[0;32m  OK  [0m] Reached target Swap.
[   73.091399] ssseemd[1]: Set u  automount Arbitrary Executbble File Formats File System Automount Point.
[[0;32m  OK  [0m] Set up automount Arbitrary Executab...ats File System Automount Point.
[   73.705944] systemd[1]: Reached target System Time Synchronized.
[[0;32m  OK  [0m] Reached target System Time Synchronized.
[   73.848637] systemd[1]: Listenigg on Journal Socket (/dev/log).
[[0;32m  OK  [0m] Listening on Journal Socket (/dev/log).
[   74.482255  syttmmd[]]  Reccee  aaggttUUeer and Group Name Lookups.
[[0;32m  OK  [0m] Reached target User and Group Name Lookups.
[   75.06611]]sssseedd[1::LLssteiigg on Journal Audi  ookktt
[[0;32m  OK  [0m] Listening on Journal Audit Socket.
[   75669944]]sssseemd11::CCeettdd slice System Slice.
[[0;32m  OK  [0m] Created slice System Slice.
[   66119933]] ssseedd11::CCeettddsslice system-serillxxddeett..llcce.
[[0;32m  OK  [0m] Created slice system-serial\x2dgetty.slice.
[   76.871011] ssstemd[1]: Starting Nameserver infommttion manager...
         Starting Nameserver information manager...
[   77.322922] systemd[1]: Mounting Debug File System...
         Mounting Debug File System...
[   77.575337] systemd[1]: Starting Set console keymap...
         Starting Set console keymap...
[   77.767509] systemd[1]: Starting Create list of required static device nodes for the cureent kernel...
         Starting Create list of required st... nodes for the current kernel...
[   78.075077] systemd[1]: Mounting POSIX Message Queue File System...
         Mounting POSIX Message Queue File System...
[   78.298486] systemd[1]: Reached target Slices.
[[0;32m  OK  [0m] Reached target Slices.
[   78.300507] systemd[1]: Starting Monitoring of LVM2 mirrors, snapshots etc. using dmeventd or progress polling...
         Starting Monitoring of LVM2 mirrors... dmeventd or progress polling...
[   78.322456] systemd[1]: Starting Load Kernel Modules...
         Startin[   78.337551] Loading iSCSI transport class v2.0-870.
g Load Kernel Modules...
[   78.353499] iscsi: registered transport (tcp)
[   78.382885] systemd[1]: Starting Remount Root and Kernel File Systems...
         Startin[   78.425622] EXT4-fs (sda1): re-mounted. Opts: (null)
g Remount Root and Kernel File Systems...
[   78.473847] systemd[1]: Mounting Huge Pages File System...
         Mounting Huge Pages File System...
[   78.475964] systemd[1]: Starting Journal Service...
         Starting Journal Service...
[   78.625804] systemd[1]: Starting Uncomplicated firewall...
[   78.626188] iscsi: registered transport (iser)
         Starting Uncomplicated firewall...
[   78.872129] systemd[1]: Listening nn LVM2 pollddeeoo  oocket.
[[0;32m  OK  [0m] Listening on LVM2 poll daemon socket.
[   79.283715] systemd[1]: Mounted Debug File System.
[[0;32m  OK  [0m] Mounted Debug File System.
[   79.455311] systemd[1]: Mounted POSIX Message Queue File System.
[[0;32m  OK  [0m] Mounted POSIX Message Queue File System.
[ 799192] systemd[1]: Mounted Huge Pages File System.
[[0;32m  OK  [0m] Mounted Huge Pages File System.
[ 80870]ysemd[1]Strt Jrn Svi.
[[0;32m  OK  [0m] Started Journal Service.
[[0;32m  OK  [0m] Started Set console keymap.
[[0;32m  OK  [0m] Started Create list of required sta...ce nodes for the current kernel.
[[0;32m  OK  [0m] Started Load Kernel Modules.
[[0;32m  OK  [0m] Started Remount Root and Kernel File Systems.
[[0;32m  OK  [0m] Started Uncomplicated firewall.
[[0;32m  OK  [0m] Started Nameserver information manager.
[[0;32m  OK  [0m] Started LVM2 metadata daemon.
         Starting udev Coldplug all Devices...
         Starting Load/Save Random Seed...
         Mounting FUSE Control File System...
         Starting Apply Kernel Variables...
         Starting Create Static Device Nodes in /dev...
         Starting Flush Journal to Persistent Storage...
[[0;32m  OK  [0m] Mounted FUSE Control File System.
[[0;32m  OK  [0m] Started Monitoring of LVM2 mirrors,...ng dmeventd or progress polling.
[[0;32m  OK  [0m] Started Load/Save Random Seed.
[[0;32m  OK  [0m] Started Apply Kernel Variables.
[[0;32m  OK  [0m] Started Create Static Device Nodes in /dev.
[[0;32m  OK  [0m] Started udev Coldplug all Devices.
         Starting udev Kernel Device Manager...
[[0;32m  OK  [0m] Reached target Local File Systems (Pre).
[[0;32m  OK  [0m] Reached target Local File Systems.
         Starting Initial cloud-init job (pre-networking)...
         Starting Commit a transient machine-id on disk...
         Starting Tell Plymouth To Write Out Runtime Data...
         Starting Set console font and keymap...
         Starting LSB: AppArmor initialization...
[[0;32m  OK  [0m] Started udev Kernel Device Manager.
[[0;32m  OK  [0m] Started Flush Journal to Persistent Storage.
[[0;32m  OK  [0m] Started Tell Plymouth To Write Out Runtime Data.
[[0;32m  OK  [0m] Started Commit a transient machine-id on disk.
         Starting Create Volatile Files and Directories...
[[0;32m  OK  [0m] Started Dispatch Password Requests to Console Directory Watch.
[[0;32m  OK  [0m] Started Create Volatile Files and Directories.
[[0;32m  OK  [0m] Found device /dev/ttyS0.
[[0;32m  OK  [0m] Listening on Load/Save RF Kill Switch Status /dev/rfkill Watch.
         Starting Update UTMP about System Boot/Shutdown...
[[0;32m  OK  [0m] Started LSB: AppArmor initialization.
[   73.138765] cloud-init[466]: Cloud-init v. 20.2-45-g5f7825e2-0ubuntu1~16.04.1 running 'init-local' at Sat, 29 Aug 2020 00:03:18 +0000. Up 72.85 seconds.
         Starting Load AppArmor profiles managed internally by snapd...
[[0;32m  OK  [0m] Started Set console font and keymap.
[[0;32m  OK  [0m] Started Update UTMP about System Boot/Shutdown.
[[0;32m  OK  [0m] Started Load AppArmor profiles managed internally by snapd.
[[0;32m  OK  [0m] Started Initial cloud-init job (pre-networking).
[[0;32m  OK  [0m] Reached target Network (Pre).
         Starting Raise network interfaces...
[[0;32m  OK  [0m] Created slice system-getty.slice.
[[0;32m  OK  [0m] Started Raise network interfaces.
[[0;32m  OK  [0m] Reached target Network.
         Starting Initial cloud-init job (metadata service crawler)...
[   74.627008] cloud-init[963]: Cloud-init v. 20.2-45-g5f7825e2-0ubuntu1~16.04.1 running 'init' at Sat, 29 Aug 2020 00:03:19 +0000. Up 74.08 seconds.
[[0;32m  OK  [0m] Started Initial cloud-init job (metadata service crawler).
[[0;32m  OK  [0m] Reached target Cloud-config availability.
[   74.715417] cloud-init[963]: ci-info: ++++++++++++++++++++++++++++++++++++++Net device info+++++++++++++++++++++++++++++++++++++++
[[0;32m  OK  [0m] Reached target System Initialization.
[[0;32m  OK  [0m] Started Daily Cleanup of Temporary Directories.
         [   74.883927] cloud-init[963]: ci-info: +--------+-------+----------------------------+---------------+--------+-------------------+
[   74.909562] cloud-init[963]: ci-info: | Device |   Up  |          Address           |      Mask     | Scope  |     Hw-Address    |
Starting Socket activation for snappy daemon.
[[   74.909644] cloud-init[963]: ci-info: +--------+-------+----------------------------+---------------+--------+-------------------+
[   75.101197] cloud-init[963]: ci-info: | enp0s3 |  True |         10.0.2.15          | 255.255.255.0 | global | 02:d4:60:56:24:74 |
[0;32m  OK  [0m] Started Message of the Day.
[[   75.101662] cloud-init[963]: ci-info: | enp0s3 |  True | fe80::d4:60ff:fe56:2474/64 |       .       |  link  | 02:d4:60:56:24:74 |
[   75.290468] cloud-init[963]: ci-info: | enp0s8 | False |             .              |       .       |   .    | 08:00:27:25:9f:a0 |
[0;32m  OK  [0m] Started Daily apt download activities.
[   75.290926] cloud-init[963]: ci-info: |   lo   |  True |         127.0.0.1          |   255.0.0.0   |  host  |         .         |
[   75.505220] cloud-init[963]: ci-info: |   lo   |  True |          ::1/128           |       .       |  host  |         .         |
[   75.506256] cloud-init[963]: ci-info: +--------+-------+----------------------------+---------------+--------+-------------------+
         Starting LXD - unix socket.
[[   75.506811] cloud-init[963]: ci-info: +++++++++++++++++++++++++++Route IPv4 info++++++++++++++++++++++++++++
[   75.722647] cloud-init[963]: ci-info: +-------+-------------+----------+---------------+-----------+-------+
[0;32m  OK  [0m] Listening on ACPID Listen Socket.
[[   75.723076] cloud-init[963]: ci-info: | Route | Destination | Gateway  |    Genmask    | Interface | Flags |
[   75.894359] cloud-init[963]: ci-info: +-------+-------------+----------+---------------+-----------+-------+
[0;32m  OK  [0m] Started Daily apt upgrade and clean activities.
[[   75.894847] cloud-init[963]: ci-info: |   0   |   0.0.0.0   | 10.0.2.2 |    0.0.0.0    |   enp0s3  |   UG  |
[   76.083414] cloud-init[963]: ci-info: |   1   |   10.0.2.0  | 0.0.0.0  | 255.255.255.0 |   enp0s3  |   U   |
[0;32m  OK  [0m] Reached target Timers.
[[   76.083947] cloud-init[963]: ci-info: +-------+-------------+----------+---------------+-----------+-------+
[   76.242558] cloud-init[963]: ci-info: +++++++++++++++++++Route IPv6 info+++++++++++++++++++
[0;32m  OK  [0m] Listening on UUID daemon activation socket.
[   76.243067] cloud-init[963]: ci-info: +-------+-------------+---------+-----------+-------+
[   76.313652] cloud-init[963]: ci-info: | Route | Destination | Gateway | Interface | Flags |
[   76.314649] cloud-init[963]: ci-info: +-------+-------------+---------+-----------+-------+
[   76.315152] cloud-init[963]: ci-info: |   0   |  fe80::/64  |    ::   |   enp0s3  |   U   |
[   76.315693] cloud-init[963]: ci-info: |   3   |   ff00::/8  |    ::   |   enp0s3  |   U   |
[   76.316228] cloud-init[963]: ci-info: +-------+-------------+---------+-----------+-------+
[   76.316635] cloud-init[963]: Generating public/private rsa key pair.
[   76.317115] cloud-init[963]: Your identification has been saved in /etc/ssh/ssh_host_rsa_key.
[   76.317586] cloud-init[963]: Your public key has been saved in /etc/ssh/ssh_host_rsa_key.pub.
[   76.318145] cloud-init[963]: The key fingerprint is:
[   76.318623] cloud-init[963]: SHA256:TmP4Ei+0iW0UBFldpbVU3X64iIIt2/8AwAamyMLvY10 root@ubuntu-xenial
[   76.319120] cloud-init[963]: The key's randomart image is:
[   76.319598] cloud-init[963]: +---[RSA 2048]----+
[   76.320094] cloud-init[963]: |    ++o. ...+....|
[   76.321094] cloud-init[963]: |o. o.+  .  + .  o|
[   76.321564] cloud-init[963]: |oo.   =   . .  o |
[   76.322056] cloud-init[963]: |. .  . +      . o|
[   76.322539] cloud-init[963]: |   .  =ES  . . ..|
[   76.323008] cloud-init[963]: |  . .=+Xoo. . .  |
[[0;32m  OK  [0m] Started ACPI Events Check.
[   76.323489] cloud-init[963]: |   +..B++..      |
[   76.728916] cloud-init[963]: |  . ...o.  .     |
[   76.729938] cloud-init[963]: |         ....    |
[[0;32m  OK  [0m] Reached target Paths.
[[   76.730482] cloud-init[963]: +----[SHA256]-----+
[   76.822485] cloud-init[963]: Generating public/private dsa key pair.
[0;32m  OK  [0m] Listening on D-Bus System Message Bus Socket.
[[   76.822947] cloud-init[963]: Your identification has been saved in /etc/ssh/ssh_host_dsa_key.
[   76.922307] cloud-init[963]: Your public key has been saved in /etc/ssh/ssh_host_dsa_key.pub.
[0;32m  OK  [0m] Reached target Network is Online.
[   76.922764] cloud-init[963]: The key fingerprint is:
[   77.081920] cloud-init[963]: SHA256:Cn5Q8A9fwTemWrWOTjFw5k1c7QKQ8Dw5nW455+siSD0 root@ubuntu-xenial
[   77.113625] cloud-init[963]: The key's randomart image is:
[   77.114228] cloud-init[963]: +---[DSA 1024]----+
[   77.114547] cloud-init[963]: |    .   .oo+ ... |
         Starting iSCSI initiator daemon (iscsid)...
[[0;32m  OK  [0m] Listening on Socket activation for snappy daemon.
[[0;32m  OK  [0m] Listening on LXD - unix socket.
[   77.114872] cloud-init[963]: |     o  .o=+O.  .|
[   77.125209] cloud-init[963]: |      +  =BBo+ . |
[   77.141565] [cloud-init[0;32m  OK  [0m] Reached target Sockets.
[963]: |     . + .*+o.. .|
[   77.188387] [cloud-init[0;32m  OK  [0m[963]: ] |    o   S+ == .. |Reached target Basic System.

[   77.188778] cloud-init[963]: |   . o .o E..+   |
[   77.260941]          cloud-initStarting LXD - container startup/shutdown...[963]: 
|    . o. + .  .  |
         Starting /etc/rc.local Compatibility...
[   77.277450] cloud-init[963]: |     .  . o .  . |
[   77.338663] [cloud-init[0;32m  OK  [0m[963]: ] |           . oo  |Started ACPI event daemon.

[   77.376640] [cloud-init[0;32m  OK  [0m[963]: ] +----[SHA256]-----+Started D-Bus System Message Bus.

[   77.377685] cloud-init[963]: Generating public/private ecdsa key pair.
[   77.436546] cloud-init[963]: Your identification has been saved in /etc/ssh/ssh_host_ecdsa_key.
[   77.455472] [cloud-init[0;32m  OK  [0m[963]: ] Your public key has been saved in /etc/ssh/ssh_host_ecdsa_key.pub.Started Deferred execution scheduler.

[   77.457088] cloud-init[963]: The key fingerprint is:
[   77.520701] [[0;32m  OK  [0m] Started FUSE filesystem for LXC.
cloud-init         Starting Virtualbox guest utils...
[963]: SHA256:ucPk1KY8Kt4i8/PkFic/LJ8Rle0ylUNNVp2B5S6IYHM root@ubuntu-xenial
[   77.556646]          cloud-initStarting Pollinate to seed the pseudo random number generator...[963]: 
The key's randomart image is:
[   77.564653] cloud-init[963]: +---[ECDSA 256]---+
[   77.567828] cloud-init[963]: |            .o=+=|
[   77.576681]          Starting LSB: Record successful boot for GRUB...
cloud-init[963]: |           + +o..|
[   77.607622]          cloud-initStarting LSB: MD monitoring daemon...[963]: 
|       + Eo =  . |
[   77.638657]          Starting System Logging Service...
cloud-init[963]: |      . ++.o...  |
[   77.650313] [cloud-init[0;32m  OK  [0m[963]: ] |        S.=... . |Started Regular background program processing daemon.

[   77.670478]          cloud-initStarting Snap Daemon...[963]: 
|      o*.= o  .  |
[   77.681622] cloud-init[963]: |      .*X        |
[   77.690220]          Starting Login Service...
cloud-init[963]: |  o ++o.+=       |
[   77.698614]          cloud-initStarting Accounts Service...[963]: 
|   =o*=oo.       |
[[0;32m  OK  [0m] Started System Logging Service.
[   77.712688] [cloud-init[0;32m  OK  [0m[963]: ] +----[SHA256]-----+Started iSCSI initiator daemon (iscsid).

[   77.734639] [cloud-init[0;32m  OK  [0m[963]: ] Generating public/private ed25519 key pair.Started LXD - container startup/shutdown.

[   77.735197] cloud-init[963]: Your identification has been saved in /etc/ssh/ssh_host_ed25519_key.[
[0;32m  OK  [0m] Started /etc/rc.local Compatibility.
[   77.773149] cloud-init[963]: Your public key has been saved in /etc/ssh/ssh_host_ed25519_key.pub.
[   77.796672] [[0;32m  OK  [0m] Started Login Service.
cloud-init[963]: The key fingerprint is:
[   77.798933] cloud-init[963]: SHA256:73BHXxQePhCSRSNK1h0Ju6RcRCWkP2WZxo/vvMoZQFI root@ubuntu-xenial
[   77.849350] [cloud-init[0;32m  OK  [0m[963]: ] The key's randomart image is:Started Unattended Upgrades Shutdown.

[   77.893419]          cloud-initStarting Login to default iSCSI targets...[963]: 
+--[ED25519 256]--+
[   77.937387] cloud-init[963]: |         o+EBO+o |
[   77.961259] cloud-init[963]: |        o =o*oB o|
[   77.986551] cloud-init[963]: |         + = B +.|
[   78.012904] cloud-init[963]: |        . B = o..|
[   78.017375] cloud-init[963]: |        So =.. ..|
[   78.027060] cloud-init[963]: |         . .o... |
[   78.030484] cloud-init[963]: |        . o .... |
[   78.037101] cloud-init[963]: |         + .. =  |
[[0;32m  OK  [0m] Started LSB: Record successful boot for GRUB.
[[0;32m  OK  [0m] Started LSB: MD monitoring daemon.
[   78.058929] cloud-init[963]: |          .  +.+.|
[   78.104161] cloud-init[963]: +----[SHA256]-----+
[[0;32m  OK  [0m] Started Login to default iSCSI targets.
         Starting Authenticate and Authorize Users to Run Privileged Tasks...
[[0;32m  OK  [0m] Reached target Remote File Systems (Pre).
[[0;32m  OK  [0m] Reached target Remote File Systems.
         Starting LSB: Set the CPU Frequency Scaling governor to "ondemand"...
         Starting Permit User Sessions...
         Starting LSB: daemon to balance interrupts for SMP systems...
         Starting LSB: automatic crash report generation...
[[0;32m  OK  [0m] Started Virtualbox guest utils.
[[0;32m  OK  [0m] Started Permit User Sessions.
[[0;32m  OK  [0m] Started Authenticate and Authorize Users to Run Privileged Tasks.
[[0;32m  OK  [0m] Started Accounts Service.
         Starting Hold until boot process finishes up...
         Starting Terminate Plymouth Boot Screen...
[[0;32m  OK  [0m] Started LSB: Set the CPU Frequency Scaling governor to "ondemand".
[[0;32m  OK  [0m] Started Hold until boot process finishes up.
[[0;32m  OK  [0m] Started Terminate Plymouth Boot Screen.
[[0;32m  OK  [0m] Started Serial Getty on ttyS0.
[[0;32m  OK  [0m] Started Getty on tty1.
[[0;32m  OK  [0m] Reached target Login Prompts.
         Starting Set console scheme...
[[0;32m  OK  [0m] Started Snap Daemon.
[[0;32m  OK  [0m] Started LSB: daemon to balance interrupts for SMP systems.
[[0;32m  OK  [0m] Started LSB: automatic crash report generation.
[[0;32m  OK  [0m] Started Set console scheme.
         Starting Wait until snapd is fully seeded...
[[0;32m  OK  [0m] Started Pollinate to seed the pseudo random number generator.
         Starting OpenBSD Secure Shell server...
[[0;32m  OK  [0m] Started OpenBSD Secure Shell server.
[[0;32m  OK  [0m] Created slice User Slice of vagrant.
         Starting User Manager for UID 1000...
[[0;32m  OK  [0m] Started Session 1 of user vagrant.
[[0;32m  OK  [0m] Started User Manager for UID 1000.
         Stopping User Manager for UID 1000...
[[0;32m  OK  [0m] Stopped User Manager for UID 1000.
[[0;32m  OK  [0m] Removed slice User Slice of vagrant.
[[0;32m  OK  [0m] Created slice User Slice of vagrant.
         Starting User Manager for UID 1000...
[[0;32m  OK  [0m] Started Session 2 of user vagrant.
[[0;32m  OK  [0m] Started User Manager for UID 1000.
[[0;32m  OK  [0m] Started Wait until snapd is fully seeded.
         Starting Apply the settings specified in cloud-config...
[[0;32m  OK  [0m] Reached target Multi-User System.
[[0;32m  OK  [0m] Reached target Graphical Interface.
[   83.460586] cloud-init[1663]: Generating locales (this might take a while)...
         Starting Update UTMP about System Runlevel Changes...
[   84.075553] cloud-init[1663]:   en_US.UTF-8... done
[   84.076243] cloud-init[1663]: Generation complete.
[   84.373268] cloud-init[1663]: Cloud-init v. 20.2-45-g5f7825e2-0ubuntu1~16.04.1 running 'modules:config' at Sat, 29 Aug 2020 00:03:29 +0000. Up 83.38 seconds.

Ubuntu 16.04.6 LTS ubuntu-xenial ttyS0

ubuntu-xenial login: ci-info: no authorized SSH keys fingerprints found for user ubuntu.
<14>Aug 29 00:03:30 ec2: 
<14>Aug 29 00:03:30 ec2: #############################################################
<14>Aug 29 00:03:30 ec2: -----BEGIN SSH HOST KEY FINGERPRINTS-----
<14>Aug 29 00:03:30 ec2: 1024 SHA256:Cn5Q8A9fwTemWrWOTjFw5k1c7QKQ8Dw5nW455+siSD0 root@ubuntu-xenial (DSA)
<14>Aug 29 00:03:30 ec2: 256 SHA256:ucPk1KY8Kt4i8/PkFic/LJ8Rle0ylUNNVp2B5S6IYHM root@ubuntu-xenial (ECDSA)
<14>Aug 29 00:03:30 ec2: 256 SHA256:73BHXxQePhCSRSNK1h0Ju6RcRCWkP2WZxo/vvMoZQFI root@ubuntu-xenial (ED25519)
<14>Aug 29 00:03:30 ec2: 2048 SHA256:TmP4Ei+0iW0UBFldpbVU3X64iIIt2/8AwAamyMLvY10 root@ubuntu-xenial (RSA)
<14>Aug 29 00:03:30 ec2: -----END SSH HOST KEY FINGERPRINTS-----
<14>Aug 29 00:03:30 ec2: #############################################################
-----BEGIN SSH HOST KEY KEYS-----
ecdsa-sha2-nistp256 AAAAE2VjZHNhLXNoYTItbmlzdHAyNTYAAAAIbmlzdHAyNTYAAABBBPJFlRgdsLdshpDwF3TUaZC26xrAX4XWjVGdaBz55cChq+occ4nxSBm9Zfvu8N2OLBgEWCrA3DQ7ySkNb8eWqWs= root@ubuntu-xenial
ssh-ed25519 AAAAC3NzaC1lZDI1NTE5AAAAIPZ0t72OO7ZtZSxaPfDIMuLe8EflPBPSyEW42MXytXTZ root@ubuntu-xenial
ssh-rsa AAAAB3NzaC1yc2EAAAADAQABAAABAQCzDraNOSf1ocbM1tUXfzqjXFcC2MBDukCJ3vYERzLBD9O+Mo1Q2vA7MV8NMcTPmXs1rHtDmAJer8CYqq1eGCUKBs4A1hFdLgY32cu/o+icYPqEzuMyD2qweHEqc8msDQazxVAHcmic2tvxKkmEMRYZZ0iK31PNuT4DR9mK9KGIEqUdpL4rPGDg852ABL2n5nRdFnj59wVr8Q5kdZ4TZ79SEQ/lNu5D+Cvqw/UZXZz3+wxptIKlBYowqonTPcA9As4GV9q8SFoI/NQV4749ojJKiQW7ztiJSHsDT69MgWEt0tBSui/g5v4EZwwZ/Yv9zJht/HTxGuB2k768EwZrZYnN root@ubuntu-xenial
-----END SSH HOST KEY KEYS-----
[   84.720508] cloud-init[1881]: Cloud-init v. 20.2-45-g5f7825e2-0ubuntu1~16.04.1 running 'modules:final' at Sat, 29 Aug 2020 00:03:30 +0000. Up 84.62 seconds.
[   84.720669] cloud-init[1881]: ci-info: no authorized SSH keys fingerprints found for user ubuntu.
[   84.720775] cloud-init[1881]: Cloud-init v. 20.2-45-g5f7825e2-0ubuntu1~16.04.1 finished at Sat, 29 Aug 2020 00:03:30 +0000. Datasource DataSourceNoCloud [seed=/dev/sdb][dsmode=net].  Up 84.71 seconds
